<?xml version="1.0" encoding="UTF-8"?>
<testng-results ignored="0" total="3" passed="3" failed="0" skipped="0">
  <reporter-output>
  </reporter-output>
  <suite started-at="2020-04-13T00:09:24 IST" name="Suite" finished-at="2020-04-13T00:10:15 IST" duration-ms="50855">
    <groups>
    </groups>
    <test started-at="2020-04-13T00:09:24 IST" name="Test" finished-at="2020-04-13T00:10:15 IST" duration-ms="50855">
      <class name="runner.TestRunner3">
        <test-method is-config="true" signature="setUP()[pri:0, instance:runner.TestRunner3@65466a6a]" started-at="2020-04-13T00:09:24 IST" name="setUP" finished-at="2020-04-13T00:09:24 IST" duration-ms="506" status="PASS">
          <reporter-output>
          </reporter-output>
        </test-method> <!-- setUP -->
        <test-method signature="login(cucumber.api.testng.CucumberFeatureWrapper)[pri:0, instance:runner.TestRunner3@65466a6a]" started-at="2020-04-13T00:09:24 IST" name="login" description="login" data-provider="features" finished-at="2020-04-13T00:09:43 IST" duration-ms="18779" status="PASS">
          <params>
            <param index="0">
              <value>
                <![CDATA[Test Crossword logout scenario]]>
              </value>
            </param>
          </params>
          <reporter-output>
          </reporter-output>
        </test-method> <!-- login -->
        <test-method is-config="true" signature="tearDown()[pri:0, instance:runner.TestRunner3@65466a6a]" started-at="2020-04-13T00:09:43 IST" name="tearDown" finished-at="2020-04-13T00:09:43 IST" duration-ms="20" status="PASS">
          <reporter-output>
          </reporter-output>
        </test-method> <!-- tearDown -->
      </class> <!-- runner.TestRunner3 -->
      <class name="runner.TestRunner2">
        <test-method is-config="true" signature="setUP()[pri:0, instance:runner.TestRunner2@4ddced80]" started-at="2020-04-13T00:09:43 IST" name="setUP" finished-at="2020-04-13T00:09:43 IST" duration-ms="20" status="PASS">
          <reporter-output>
          </reporter-output>
        </test-method> <!-- setUP -->
        <test-method signature="login(cucumber.api.testng.CucumberFeatureWrapper)[pri:0, instance:runner.TestRunner2@4ddced80]" started-at="2020-04-13T00:09:43 IST" name="login" description="login" data-provider="features" finished-at="2020-04-13T00:10:00 IST" duration-ms="16821" status="PASS">
          <params>
            <param index="0">
              <value>
                <![CDATA[Test Crossword search scenario]]>
              </value>
            </param>
          </params>
          <reporter-output>
          </reporter-output>
        </test-method> <!-- login -->
        <test-method is-config="true" signature="tearDown()[pri:0, instance:runner.TestRunner2@4ddced80]" started-at="2020-04-13T00:10:00 IST" name="tearDown" finished-at="2020-04-13T00:10:00 IST" duration-ms="23" status="PASS">
          <reporter-output>
          </reporter-output>
        </test-method> <!-- tearDown -->
      </class> <!-- runner.TestRunner2 -->
      <class name="runner.TestRunner">
        <test-method is-config="true" signature="setUP()[pri:0, instance:runner.TestRunner@1534f01b]" started-at="2020-04-13T00:10:00 IST" name="setUP" finished-at="2020-04-13T00:10:00 IST" duration-ms="33" status="PASS">
          <reporter-output>
          </reporter-output>
        </test-method> <!-- setUP -->
        <test-method signature="login(cucumber.api.testng.CucumberFeatureWrapper)[pri:0, instance:runner.TestRunner@1534f01b]" started-at="2020-04-13T00:10:00 IST" name="login" description="login" data-provider="features" finished-at="2020-04-13T00:10:15 IST" duration-ms="14318" status="PASS">
          <params>
            <param index="0">
              <value>
                <![CDATA[Test Crossword login scenario]]>
              </value>
            </param>
          </params>
          <reporter-output>
          </reporter-output>
        </test-method> <!-- login -->
        <test-method is-config="true" signature="tearDown()[pri:0, instance:runner.TestRunner@1534f01b]" started-at="2020-04-13T00:10:15 IST" name="tearDown" finished-at="2020-04-13T00:10:15 IST" duration-ms="21" status="PASS">
          <reporter-output>
          </reporter-output>
        </test-method> <!-- tearDown -->
      </class> <!-- runner.TestRunner -->
    </test> <!-- Test -->
  </suite> <!-- Suite -->
</testng-results>
